2010.012.21.53.10.0000.US.AMTX..BHZ.M.SAC
2010.012.21.53.10.0000.US.DGMT..BHZ.M.SAC
2010.012.21.53.10.0000.US.DUG..BHZ.M.SAC
2010.012.21.53.10.0000.US.ECSD.HR.BHZ.M.SAC
2010.012.21.53.10.0000.US.EGMT..BHZ.M.SAC
2010.012.21.53.10.0000.US.HLID..BHZ.M.SAC
2010.012.21.53.10.0000.US.JCT..BHZ.M.SAC
2010.012.21.53.10.0000.US.KSU1.HR.BHZ.M.SAC
2010.012.21.53.10.0000.US.MVCO..BHZ.M.SAC
2010.012.21.53.10.0000.US.OGNE..BHZ.M.SAC
2010.012.21.53.10.0000.US.TPNV..BHZ.M.SAC
2010.012.21.53.10.0000.US.WUAZ..BHZ.M.SAC
2010.012.21.53.10.0040.US.RLMT.00.BHZ.M.SAC
2010.012.21.53.10.0070.US.LAO.00.BHZ.M.SAC
2010.012.21.53.10.0080.US.SDCO.00.BHZ.M.SAC
2010.012.21.53.10.0140.US.MNTX.00.BHZ.M.SAC
2010.012.21.53.10.0160.US.BOZ.00.BHZ.M.SAC
2010.012.21.53.10.0230.US.BW06.00.BHZ.M.SAC
2010.012.21.53.10.0250.US.AGMN..BHZ.M.SAC
2010.012.21.53.10.0250.US.DGMT.HR.BHZ.M.SAC
2010.012.21.53.10.0250.US.ECSD..BHZ.M.SAC
2010.012.21.53.10.0250.US.ISCO..BHZ.M.SAC
2010.012.21.53.10.0250.US.KSU1..BHZ.M.SAC
